{"/Users/juliemugira/projects/headlines-app/app/actions/appActions.js": {"path":"/Users/juliemugira/projects/headlines-app/app/actions/appActions.js","statementMap":{"0":{"start":{"line":12,"column":2},"end":{"line":17,"column":15}},"1":{"start":{"line":13,"column":4},"end":{"line":16,"column":7}},"2":{"start":{"line":29,"column":2},"end":{"line":34,"column":5}},"3":{"start":{"line":30,"column":4},"end":{"line":33,"column":7}}},"fnMap":{"0":{"name":"getNewsSources","decl":{"start":{"line":11,"column":16},"end":{"line":11,"column":30}},"loc":{"start":{"line":11,"column":41},"end":{"line":18,"column":1}},"line":11},"1":{"name":"(anonymous_1)","decl":{"start":{"line":12,"column":21},"end":{"line":12,"column":22}},"loc":{"start":{"line":12,"column":31},"end":{"line":17,"column":3}},"line":12},"2":{"name":"getNewsArticles","decl":{"start":{"line":28,"column":16},"end":{"line":28,"column":31}},"loc":{"start":{"line":28,"column":48},"end":{"line":35,"column":1}},"line":28},"3":{"name":"(anonymous_3)","decl":{"start":{"line":29,"column":38},"end":{"line":29,"column":39}},"loc":{"start":{"line":29,"column":48},"end":{"line":34,"column":3}},"line":29}},"branchMap":{},"s":{"0":1,"1":0,"2":0,"3":0},"f":{"0":1,"1":0,"2":0,"3":0},"b":{},"_coverageSchema":"332fd63041d2c1bcb487cc26dd0d5f7d97098a6c","hash":"632bccbcd1600d1fc531503db898a00b95866e4f"}
,"/Users/juliemugira/projects/headlines-app/app/components/Articles.jsx": {"path":"/Users/juliemugira/projects/headlines-app/app/components/Articles.jsx","statementMap":{"0":{"start":{"line":10,"column":17},"end":{"line":35,"column":1}},"1":{"start":{"line":11,"column":2},"end":{"line":34,"column":8}},"2":{"start":{"line":40,"column":0},"end":{"line":42,"column":2}}},"fnMap":{"0":{"name":"(anonymous_0)","decl":{"start":{"line":10,"column":17},"end":{"line":10,"column":18}},"loc":{"start":{"line":11,"column":2},"end":{"line":34,"column":8}},"line":11}},"branchMap":{},"s":{"0":4,"1":1,"2":4},"f":{"0":1},"b":{},"_coverageSchema":"332fd63041d2c1bcb487cc26dd0d5f7d97098a6c","hash":"5cc0b9d6e380d4a2900bd4c3a58a5185751036d4"}
,"/Users/juliemugira/projects/headlines-app/app/components/ArticlesPanel.jsx": {"path":"/Users/juliemugira/projects/headlines-app/app/components/ArticlesPanel.jsx","statementMap":{"0":{"start":{"line":23,"column":4},"end":{"line":23,"column":17}},"1":{"start":{"line":24,"column":4},"end":{"line":30,"column":6}},"2":{"start":{"line":31,"column":4},"end":{"line":31,"column":55}},"3":{"start":{"line":32,"column":4},"end":{"line":32,"column":45}},"4":{"start":{"line":33,"column":4},"end":{"line":33,"column":49}},"5":{"start":{"line":34,"column":4},"end":{"line":34,"column":53}},"6":{"start":{"line":35,"column":4},"end":{"line":35,"column":58}},"7":{"start":{"line":36,"column":4},"end":{"line":36,"column":63}},"8":{"start":{"line":44,"column":4},"end":{"line":44,"column":51}},"9":{"start":{"line":52,"column":4},"end":{"line":52,"column":40}},"10":{"start":{"line":53,"column":4},"end":{"line":53,"column":35}},"11":{"start":{"line":54,"column":4},"end":{"line":54,"column":30}},"12":{"start":{"line":62,"column":4},"end":{"line":62,"column":31}},"13":{"start":{"line":63,"column":4},"end":{"line":67,"column":7}},"14":{"start":{"line":76,"column":18},"end":{"line":76,"column":29}},"15":{"start":{"line":77,"column":22},"end":{"line":77,"column":73}},"16":{"start":{"line":78,"column":4},"end":{"line":78,"column":38}},"17":{"start":{"line":79,"column":4},"end":{"line":79,"column":34}},"18":{"start":{"line":87,"column":4},"end":{"line":87,"column":54}},"19":{"start":{"line":96,"column":4},"end":{"line":96,"column":26}},"20":{"start":{"line":97,"column":4},"end":{"line":100,"column":8}},"21":{"start":{"line":97,"column":29},"end":{"line":100,"column":5}},"22":{"start":{"line":108,"column":23},"end":{"line":110,"column":5}},"23":{"start":{"line":109,"column":6},"end":{"line":109,"column":54}},"24":{"start":{"line":112,"column":27},"end":{"line":112,"column":61}},"25":{"start":{"line":113,"column":4},"end":{"line":121,"column":5}},"26":{"start":{"line":114,"column":6},"end":{"line":116,"column":8}},"27":{"start":{"line":117,"column":11},"end":{"line":121,"column":5}},"28":{"start":{"line":118,"column":6},"end":{"line":120,"column":8}},"29":{"start":{"line":122,"column":4},"end":{"line":130,"column":6}},"30":{"start":{"line":137,"column":0},"end":{"line":144,"column":2}}},"fnMap":{"0":{"name":"(anonymous_0)","decl":{"start":{"line":22,"column":2},"end":{"line":22,"column":3}},"loc":{"start":{"line":22,"column":21},"end":{"line":37,"column":3}},"line":22},"1":{"name":"(anonymous_1)","decl":{"start":{"line":43,"column":2},"end":{"line":43,"column":3}},"loc":{"start":{"line":43,"column":23},"end":{"line":45,"column":3}},"line":43},"2":{"name":"(anonymous_2)","decl":{"start":{"line":51,"column":2},"end":{"line":51,"column":3}},"loc":{"start":{"line":51,"column":13},"end":{"line":55,"column":3}},"line":51},"3":{"name":"(anonymous_3)","decl":{"start":{"line":61,"column":2},"end":{"line":61,"column":3}},"loc":{"start":{"line":61,"column":18},"end":{"line":68,"column":3}},"line":61},"4":{"name":"(anonymous_4)","decl":{"start":{"line":75,"column":2},"end":{"line":75,"column":3}},"loc":{"start":{"line":75,"column":22},"end":{"line":80,"column":3}},"line":75},"5":{"name":"(anonymous_5)","decl":{"start":{"line":86,"column":2},"end":{"line":86,"column":3}},"loc":{"start":{"line":86,"column":25},"end":{"line":88,"column":3}},"line":86},"6":{"name":"(anonymous_6)","decl":{"start":{"line":95,"column":2},"end":{"line":95,"column":3}},"loc":{"start":{"line":95,"column":20},"end":{"line":101,"column":3}},"line":95},"7":{"name":"(anonymous_7)","decl":{"start":{"line":97,"column":21},"end":{"line":97,"column":22}},"loc":{"start":{"line":97,"column":29},"end":{"line":100,"column":5}},"line":97},"8":{"name":"(anonymous_8)","decl":{"start":{"line":107,"column":2},"end":{"line":107,"column":3}},"loc":{"start":{"line":107,"column":11},"end":{"line":131,"column":3}},"line":107},"9":{"name":"(anonymous_9)","decl":{"start":{"line":108,"column":47},"end":{"line":108,"column":48}},"loc":{"start":{"line":109,"column":6},"end":{"line":109,"column":54}},"line":109}},"branchMap":{"0":{"loc":{"start":{"line":113,"column":4},"end":{"line":121,"column":5}},"type":"if","locations":[{"start":{"line":113,"column":4},"end":{"line":121,"column":5}},{"start":{"line":113,"column":4},"end":{"line":121,"column":5}}],"line":113},"1":{"loc":{"start":{"line":117,"column":11},"end":{"line":121,"column":5}},"type":"if","locations":[{"start":{"line":117,"column":11},"end":{"line":121,"column":5}},{"start":{"line":117,"column":11},"end":{"line":121,"column":5}}],"line":117}},"s":{"0":1,"1":1,"2":1,"3":1,"4":1,"5":1,"6":1,"7":1,"8":1,"9":0,"10":0,"11":0,"12":0,"13":0,"14":0,"15":0,"16":0,"17":0,"18":0,"19":1,"20":1,"21":0,"22":1,"23":0,"24":1,"25":1,"26":0,"27":1,"28":1,"29":0,"30":3},"f":{"0":1,"1":1,"2":0,"3":0,"4":0,"5":0,"6":1,"7":0,"8":1,"9":0},"b":{"0":[0,1],"1":[1,0]},"_coverageSchema":"332fd63041d2c1bcb487cc26dd0d5f7d97098a6c","hash":"135238f1ffb5a97c5d54ae0338b25cedd304e823"}
,"/Users/juliemugira/projects/headlines-app/app/components/ArticlesSortBy.jsx": {"path":"/Users/juliemugira/projects/headlines-app/app/components/ArticlesSortBy.jsx","statementMap":{"0":{"start":{"line":11,"column":16},"end":{"line":15,"column":1}},"1":{"start":{"line":17,"column":23},"end":{"line":38,"column":1}},"2":{"start":{"line":18,"column":2},"end":{"line":37,"column":8}},"3":{"start":{"line":43,"column":0},"end":{"line":49,"column":2}}},"fnMap":{"0":{"name":"(anonymous_0)","decl":{"start":{"line":17,"column":23},"end":{"line":17,"column":24}},"loc":{"start":{"line":18,"column":2},"end":{"line":37,"column":8}},"line":18}},"branchMap":{},"s":{"0":4,"1":4,"2":1,"3":4},"f":{"0":1},"b":{},"_coverageSchema":"332fd63041d2c1bcb487cc26dd0d5f7d97098a6c","hash":"18b33493a18897e274293a47c69c929a6da0f39c"}
,"/Users/juliemugira/projects/headlines-app/app/components/DefaultPage.jsx": {"path":"/Users/juliemugira/projects/headlines-app/app/components/DefaultPage.jsx","statementMap":{"0":{"start":{"line":14,"column":20},"end":{"line":26,"column":1}},"1":{"start":{"line":15,"column":18},"end":{"line":17,"column":3}},"2":{"start":{"line":16,"column":4},"end":{"line":16,"column":45}},"3":{"start":{"line":19,"column":2},"end":{"line":25,"column":4}},"4":{"start":{"line":31,"column":0},"end":{"line":33,"column":2}}},"fnMap":{"0":{"name":"(anonymous_0)","decl":{"start":{"line":14,"column":20},"end":{"line":14,"column":21}},"loc":{"start":{"line":14,"column":31},"end":{"line":26,"column":1}},"line":14},"1":{"name":"(anonymous_1)","decl":{"start":{"line":15,"column":36},"end":{"line":15,"column":37}},"loc":{"start":{"line":16,"column":4},"end":{"line":16,"column":45}},"line":16}},"branchMap":{},"s":{"0":4,"1":1,"2":2,"3":1,"4":4},"f":{"0":1,"1":2},"b":{},"_coverageSchema":"332fd63041d2c1bcb487cc26dd0d5f7d97098a6c","hash":"a26b30d2ab05c913cf7f8e60d511fb16d70a11a0"}
,"/Users/juliemugira/projects/headlines-app/app/components/Footer.jsx": {"path":"/Users/juliemugira/projects/headlines-app/app/components/Footer.jsx","statementMap":{"0":{"start":{"line":9,"column":2},"end":{"line":20,"column":13}}},"fnMap":{"0":{"name":"Footer","decl":{"start":{"line":8,"column":9},"end":{"line":8,"column":15}},"loc":{"start":{"line":8,"column":24},"end":{"line":21,"column":1}},"line":8}},"branchMap":{},"s":{"0":1},"f":{"0":1},"b":{},"_coverageSchema":"332fd63041d2c1bcb487cc26dd0d5f7d97098a6c","hash":"ff0f44afb363a00d88dddd7014a46c2adb9cbf2b"}
,"/Users/juliemugira/projects/headlines-app/app/components/Header.jsx": {"path":"/Users/juliemugira/projects/headlines-app/app/components/Header.jsx","statementMap":{"0":{"start":{"line":10,"column":2},"end":{"line":25,"column":4}}},"fnMap":{"0":{"name":"Header","decl":{"start":{"line":9,"column":9},"end":{"line":9,"column":15}},"loc":{"start":{"line":9,"column":21},"end":{"line":26,"column":1}},"line":9}},"branchMap":{},"s":{"0":1},"f":{"0":1},"b":{},"_coverageSchema":"332fd63041d2c1bcb487cc26dd0d5f7d97098a6c","hash":"5c909a06caaf683c1467b40c80c2abd36e556ecc"}
,"/Users/juliemugira/projects/headlines-app/app/components/Home.jsx": {"path":"/Users/juliemugira/projects/headlines-app/app/components/Home.jsx","statementMap":{"0":{"start":{"line":20,"column":4},"end":{"line":20,"column":17}},"1":{"start":{"line":21,"column":4},"end":{"line":28,"column":6}},"2":{"start":{"line":30,"column":4},"end":{"line":30,"column":55}},"3":{"start":{"line":31,"column":4},"end":{"line":31,"column":45}},"4":{"start":{"line":32,"column":4},"end":{"line":32,"column":47}},"5":{"start":{"line":33,"column":4},"end":{"line":33,"column":53}},"6":{"start":{"line":34,"column":4},"end":{"line":34,"column":53}},"7":{"start":{"line":35,"column":4},"end":{"line":35,"column":53}},"8":{"start":{"line":36,"column":4},"end":{"line":36,"column":58}},"9":{"start":{"line":37,"column":4},"end":{"line":37,"column":63}},"10":{"start":{"line":45,"column":4},"end":{"line":45,"column":32}},"11":{"start":{"line":53,"column":4},"end":{"line":53,"column":50}},"12":{"start":{"line":54,"column":4},"end":{"line":54,"column":21}},"13":{"start":{"line":63,"column":4},"end":{"line":66,"column":7}},"14":{"start":{"line":75,"column":4},"end":{"line":77,"column":7}},"15":{"start":{"line":85,"column":4},"end":{"line":87,"column":7}},"16":{"start":{"line":95,"column":4},"end":{"line":95,"column":31}},"17":{"start":{"line":96,"column":4},"end":{"line":99,"column":7}},"18":{"start":{"line":108,"column":4},"end":{"line":110,"column":7}},"19":{"start":{"line":119,"column":21},"end":{"line":119,"column":32}},"20":{"start":{"line":120,"column":22},"end":{"line":120,"column":80}},"21":{"start":{"line":121,"column":4},"end":{"line":121,"column":30}},"22":{"start":{"line":122,"column":4},"end":{"line":122,"column":52}},"23":{"start":{"line":123,"column":4},"end":{"line":123,"column":28}},"24":{"start":{"line":131,"column":4},"end":{"line":131,"column":53}},"25":{"start":{"line":139,"column":20},"end":{"line":149,"column":5}},"26":{"start":{"line":150,"column":4},"end":{"line":179,"column":6}}},"fnMap":{"0":{"name":"(anonymous_0)","decl":{"start":{"line":19,"column":2},"end":{"line":19,"column":3}},"loc":{"start":{"line":19,"column":21},"end":{"line":38,"column":3}},"line":19},"1":{"name":"(anonymous_1)","decl":{"start":{"line":44,"column":2},"end":{"line":44,"column":3}},"loc":{"start":{"line":44,"column":20},"end":{"line":46,"column":3}},"line":44},"2":{"name":"(anonymous_2)","decl":{"start":{"line":52,"column":2},"end":{"line":52,"column":3}},"loc":{"start":{"line":52,"column":23},"end":{"line":55,"column":3}},"line":52},"3":{"name":"(anonymous_3)","decl":{"start":{"line":61,"column":2},"end":{"line":61,"column":3}},"loc":{"start":{"line":61,"column":13},"end":{"line":67,"column":3}},"line":61},"4":{"name":"(anonymous_4)","decl":{"start":{"line":74,"column":2},"end":{"line":74,"column":3}},"loc":{"start":{"line":74,"column":22},"end":{"line":78,"column":3}},"line":74},"5":{"name":"(anonymous_5)","decl":{"start":{"line":84,"column":2},"end":{"line":84,"column":3}},"loc":{"start":{"line":84,"column":17},"end":{"line":88,"column":3}},"line":84},"6":{"name":"(anonymous_6)","decl":{"start":{"line":94,"column":2},"end":{"line":94,"column":3}},"loc":{"start":{"line":94,"column":18},"end":{"line":100,"column":3}},"line":94},"7":{"name":"(anonymous_7)","decl":{"start":{"line":107,"column":2},"end":{"line":107,"column":3}},"loc":{"start":{"line":107,"column":20},"end":{"line":111,"column":3}},"line":107},"8":{"name":"(anonymous_8)","decl":{"start":{"line":118,"column":2},"end":{"line":118,"column":3}},"loc":{"start":{"line":118,"column":22},"end":{"line":124,"column":3}},"line":118},"9":{"name":"(anonymous_9)","decl":{"start":{"line":130,"column":2},"end":{"line":130,"column":3}},"loc":{"start":{"line":130,"column":25},"end":{"line":132,"column":3}},"line":130},"10":{"name":"(anonymous_10)","decl":{"start":{"line":138,"column":2},"end":{"line":138,"column":3}},"loc":{"start":{"line":138,"column":11},"end":{"line":180,"column":3}},"line":138}},"branchMap":{"0":{"loc":{"start":{"line":64,"column":15},"end":{"line":64,"column":49}},"type":"binary-expr","locations":[{"start":{"line":64,"column":15},"end":{"line":64,"column":43}},{"start":{"line":64,"column":47},"end":{"line":64,"column":49}}],"line":64}},"s":{"0":1,"1":1,"2":1,"3":1,"4":1,"5":1,"6":1,"7":1,"8":1,"9":1,"10":0,"11":1,"12":1,"13":0,"14":0,"15":0,"16":0,"17":0,"18":0,"19":0,"20":0,"21":0,"22":0,"23":0,"24":0,"25":1,"26":1},"f":{"0":1,"1":0,"2":1,"3":0,"4":0,"5":0,"6":0,"7":0,"8":0,"9":0,"10":1},"b":{"0":[0,0]},"_coverageSchema":"332fd63041d2c1bcb487cc26dd0d5f7d97098a6c","hash":"111f3f84e5dc329aaa06da5680b80803b8832550"}
,"/Users/juliemugira/projects/headlines-app/app/components/Loading.jsx": {"path":"/Users/juliemugira/projects/headlines-app/app/components/Loading.jsx","statementMap":{"0":{"start":{"line":12,"column":16},"end":{"line":30,"column":1}},"1":{"start":{"line":13,"column":2},"end":{"line":29,"column":8}}},"fnMap":{"0":{"name":"(anonymous_0)","decl":{"start":{"line":12,"column":16},"end":{"line":12,"column":17}},"loc":{"start":{"line":13,"column":2},"end":{"line":29,"column":8}},"line":13}},"branchMap":{},"s":{"0":4,"1":1},"f":{"0":1},"b":{},"_coverageSchema":"332fd63041d2c1bcb487cc26dd0d5f7d97098a6c","hash":"615e846873c41c0313b5320df5875bdee8156063"}
,"/Users/juliemugira/projects/headlines-app/app/components/Main.jsx": {"path":"/Users/juliemugira/projects/headlines-app/app/components/Main.jsx","statementMap":{"0":{"start":{"line":13,"column":2},"end":{"line":19,"column":4}}},"fnMap":{"0":{"name":"Main","decl":{"start":{"line":12,"column":9},"end":{"line":12,"column":13}},"loc":{"start":{"line":12,"column":19},"end":{"line":20,"column":1}},"line":12}},"branchMap":{},"s":{"0":1},"f":{"0":1},"b":{},"_coverageSchema":"332fd63041d2c1bcb487cc26dd0d5f7d97098a6c","hash":"51eea6e4def9bb4f9d5adca465be27b370b3b2ae"}
,"/Users/juliemugira/projects/headlines-app/app/components/Share.jsx": {"path":"/Users/juliemugira/projects/headlines-app/app/components/Share.jsx","statementMap":{"0":{"start":{"line":13,"column":4},"end":{"line":13,"column":16}},"1":{"start":{"line":18,"column":21},"end":{"line":18,"column":50}},"2":{"start":{"line":19,"column":20},"end":{"line":19,"column":48}},"3":{"start":{"line":20,"column":23},"end":{"line":20,"column":50}},"4":{"start":{"line":21,"column":21},"end":{"line":21,"column":50}},"5":{"start":{"line":36,"column":21},"end":{"line":36,"column":37}},"6":{"start":{"line":37,"column":18},"end":{"line":37,"column":34}},"7":{"start":{"line":39,"column":4},"end":{"line":62,"column":6}},"8":{"start":{"line":69,"column":0},"end":{"line":72,"column":2}}},"fnMap":{"0":{"name":"(anonymous_0)","decl":{"start":{"line":35,"column":2},"end":{"line":35,"column":3}},"loc":{"start":{"line":35,"column":11},"end":{"line":63,"column":3}},"line":35}},"branchMap":{},"s":{"0":5,"1":5,"2":5,"3":5,"4":5,"5":1,"6":1,"7":1,"8":5},"f":{"0":1},"b":{},"_coverageSchema":"332fd63041d2c1bcb487cc26dd0d5f7d97098a6c","hash":"b607ddac48737a52d68de31b9317ecf36fff9541"}
,"/Users/juliemugira/projects/headlines-app/app/components/Sources.jsx": {"path":"/Users/juliemugira/projects/headlines-app/app/components/Sources.jsx","statementMap":{"0":{"start":{"line":9,"column":16},"end":{"line":33,"column":1}},"1":{"start":{"line":10,"column":12},"end":{"line":10,"column":14}},"2":{"start":{"line":11,"column":13},"end":{"line":11,"column":15}},"3":{"start":{"line":12,"column":20},"end":{"line":12,"column":22}},"4":{"start":{"line":13,"column":2},"end":{"line":17,"column":3}},"5":{"start":{"line":14,"column":4},"end":{"line":14,"column":24}},"6":{"start":{"line":15,"column":4},"end":{"line":15,"column":27}},"7":{"start":{"line":16,"column":4},"end":{"line":16,"column":41}},"8":{"start":{"line":18,"column":2},"end":{"line":32,"column":4}},"9":{"start":{"line":38,"column":0},"end":{"line":40,"column":2}}},"fnMap":{"0":{"name":"(anonymous_0)","decl":{"start":{"line":9,"column":16},"end":{"line":9,"column":17}},"loc":{"start":{"line":9,"column":27},"end":{"line":33,"column":1}},"line":9}},"branchMap":{"0":{"loc":{"start":{"line":13,"column":2},"end":{"line":17,"column":3}},"type":"if","locations":[{"start":{"line":13,"column":2},"end":{"line":17,"column":3}},{"start":{"line":13,"column":2},"end":{"line":17,"column":3}}],"line":13}},"s":{"0":5,"1":1,"2":1,"3":1,"4":1,"5":0,"6":0,"7":0,"8":1,"9":5},"f":{"0":1},"b":{"0":[0,1]},"_coverageSchema":"332fd63041d2c1bcb487cc26dd0d5f7d97098a6c","hash":"ad736b7c88cead9637e32a52717cc94cf1ef108f"}
,"/Users/juliemugira/projects/headlines-app/app/components/SourcesCategories.jsx": {"path":"/Users/juliemugira/projects/headlines-app/app/components/SourcesCategories.jsx","statementMap":{"0":{"start":{"line":13,"column":26},"end":{"line":32,"column":1}},"1":{"start":{"line":14,"column":2},"end":{"line":31,"column":8}},"2":{"start":{"line":37,"column":0},"end":{"line":42,"column":2}}},"fnMap":{"0":{"name":"(anonymous_0)","decl":{"start":{"line":13,"column":26},"end":{"line":13,"column":27}},"loc":{"start":{"line":14,"column":2},"end":{"line":31,"column":8}},"line":14}},"branchMap":{},"s":{"0":3,"1":1,"2":3},"f":{"0":1},"b":{},"_coverageSchema":"332fd63041d2c1bcb487cc26dd0d5f7d97098a6c","hash":"068c17255a239604522e95df804f183f0713d5e4"}
,"/Users/juliemugira/projects/headlines-app/app/components/SourcesPanel.jsx": {"path":"/Users/juliemugira/projects/headlines-app/app/components/SourcesPanel.jsx","statementMap":{"0":{"start":{"line":18,"column":4},"end":{"line":18,"column":17}},"1":{"start":{"line":19,"column":4},"end":{"line":22,"column":6}},"2":{"start":{"line":23,"column":4},"end":{"line":23,"column":63}},"3":{"start":{"line":24,"column":4},"end":{"line":24,"column":53}},"4":{"start":{"line":37,"column":18},"end":{"line":37,"column":29}},"5":{"start":{"line":38,"column":4},"end":{"line":38,"column":34}},"6":{"start":{"line":39,"column":4},"end":{"line":43,"column":7}},"7":{"start":{"line":45,"column":4},"end":{"line":45,"column":27}},"8":{"start":{"line":56,"column":4},"end":{"line":56,"column":30}},"9":{"start":{"line":57,"column":4},"end":{"line":61,"column":8}},"10":{"start":{"line":57,"column":34},"end":{"line":61,"column":5}},"11":{"start":{"line":70,"column":4},"end":{"line":99,"column":6}},"12":{"start":{"line":106,"column":0},"end":{"line":110,"column":2}}},"fnMap":{"0":{"name":"(anonymous_0)","decl":{"start":{"line":17,"column":2},"end":{"line":17,"column":3}},"loc":{"start":{"line":17,"column":21},"end":{"line":25,"column":3}},"line":17},"1":{"name":"(anonymous_1)","decl":{"start":{"line":36,"column":2},"end":{"line":36,"column":3}},"loc":{"start":{"line":36,"column":22},"end":{"line":46,"column":3}},"line":36},"2":{"name":"(anonymous_2)","decl":{"start":{"line":55,"column":2},"end":{"line":55,"column":3}},"loc":{"start":{"line":55,"column":29},"end":{"line":62,"column":3}},"line":55},"3":{"name":"(anonymous_3)","decl":{"start":{"line":57,"column":23},"end":{"line":57,"column":24}},"loc":{"start":{"line":57,"column":34},"end":{"line":61,"column":5}},"line":57},"4":{"name":"(anonymous_4)","decl":{"start":{"line":69,"column":2},"end":{"line":69,"column":3}},"loc":{"start":{"line":69,"column":11},"end":{"line":100,"column":3}},"line":69}},"branchMap":{},"s":{"0":1,"1":1,"2":1,"3":1,"4":0,"5":0,"6":0,"7":0,"8":1,"9":1,"10":0,"11":1,"12":3},"f":{"0":1,"1":0,"2":1,"3":0,"4":1},"b":{},"_coverageSchema":"332fd63041d2c1bcb487cc26dd0d5f7d97098a6c","hash":"bbfc8905739e3d6acb8738c2bf5389cbfd792e45"}
,"/Users/juliemugira/projects/headlines-app/app/constants/ActionTypes.jsx": {"path":"/Users/juliemugira/projects/headlines-app/app/constants/ActionTypes.jsx","statementMap":{"0":{"start":{"line":6,"column":20},"end":{"line":9,"column":2}}},"fnMap":{},"branchMap":{},"s":{"0":6},"f":{},"b":{},"_coverageSchema":"332fd63041d2c1bcb487cc26dd0d5f7d97098a6c","hash":"6c41a5f414b35cc0f871706ed0dd36ca58d9bfa7"}
,"/Users/juliemugira/projects/headlines-app/app/dispatchers/AppDispatcher.js": {"path":"/Users/juliemugira/projects/headlines-app/app/dispatchers/AppDispatcher.js","statementMap":{"0":{"start":{"line":4,"column":22},"end":{"line":4,"column":38}}},"fnMap":{},"branchMap":{},"s":{"0":6},"f":{},"b":{},"_coverageSchema":"332fd63041d2c1bcb487cc26dd0d5f7d97098a6c","hash":"736da897b2e7a49439852a4b5016d7fca68942fc"}
,"/Users/juliemugira/projects/headlines-app/app/stores/ArticlesStore.js": {"path":"/Users/juliemugira/projects/headlines-app/app/stores/ArticlesStore.js","statementMap":{"0":{"start":{"line":5,"column":21},"end":{"line":5,"column":29}},"1":{"start":{"line":17,"column":4},"end":{"line":17,"column":12}},"2":{"start":{"line":21,"column":4},"end":{"line":21,"column":23}},"3":{"start":{"line":22,"column":4},"end":{"line":22,"column":29}},"4":{"start":{"line":23,"column":4},"end":{"line":23,"column":29}},"5":{"start":{"line":30,"column":4},"end":{"line":30,"column":25}},"6":{"start":{"line":36,"column":4},"end":{"line":36,"column":31}},"7":{"start":{"line":42,"column":4},"end":{"line":42,"column":31}},"8":{"start":{"line":48,"column":4},"end":{"line":48,"column":28}},"9":{"start":{"line":56,"column":4},"end":{"line":56,"column":36}},"10":{"start":{"line":64,"column":4},"end":{"line":64,"column":48}},"11":{"start":{"line":68,"column":22},"end":{"line":68,"column":40}},"12":{"start":{"line":73,"column":0},"end":{"line":84,"column":3}},"13":{"start":{"line":74,"column":2},"end":{"line":83,"column":3}},"14":{"start":{"line":76,"column":6},"end":{"line":76,"column":58}},"15":{"start":{"line":77,"column":6},"end":{"line":77,"column":57}},"16":{"start":{"line":78,"column":6},"end":{"line":78,"column":57}},"17":{"start":{"line":79,"column":6},"end":{"line":79,"column":33}},"18":{"start":{"line":80,"column":6},"end":{"line":80,"column":12}},"19":{"start":{"line":82,"column":6},"end":{"line":82,"column":12}}},"fnMap":{"0":{"name":"(anonymous_0)","decl":{"start":{"line":16,"column":2},"end":{"line":16,"column":3}},"loc":{"start":{"line":16,"column":16},"end":{"line":24,"column":3}},"line":16},"1":{"name":"(anonymous_1)","decl":{"start":{"line":29,"column":2},"end":{"line":29,"column":3}},"loc":{"start":{"line":29,"column":11},"end":{"line":31,"column":3}},"line":29},"2":{"name":"(anonymous_2)","decl":{"start":{"line":35,"column":2},"end":{"line":35,"column":3}},"loc":{"start":{"line":35,"column":19},"end":{"line":37,"column":3}},"line":35},"3":{"name":"(anonymous_3)","decl":{"start":{"line":41,"column":2},"end":{"line":41,"column":3}},"loc":{"start":{"line":41,"column":20},"end":{"line":43,"column":3}},"line":41},"4":{"name":"(anonymous_4)","decl":{"start":{"line":47,"column":2},"end":{"line":47,"column":3}},"loc":{"start":{"line":47,"column":15},"end":{"line":49,"column":3}},"line":47},"5":{"name":"(anonymous_5)","decl":{"start":{"line":55,"column":2},"end":{"line":55,"column":3}},"loc":{"start":{"line":55,"column":30},"end":{"line":57,"column":3}},"line":55},"6":{"name":"(anonymous_6)","decl":{"start":{"line":63,"column":2},"end":{"line":63,"column":3}},"loc":{"start":{"line":63,"column":33},"end":{"line":65,"column":3}},"line":63},"7":{"name":"(anonymous_7)","decl":{"start":{"line":73,"column":23},"end":{"line":73,"column":24}},"loc":{"start":{"line":73,"column":36},"end":{"line":84,"column":1}},"line":73}},"branchMap":{"0":{"loc":{"start":{"line":74,"column":2},"end":{"line":83,"column":3}},"type":"switch","locations":[{"start":{"line":75,"column":4},"end":{"line":80,"column":12}},{"start":{"line":81,"column":4},"end":{"line":82,"column":12}}],"line":74}},"s":{"0":4,"1":4,"2":4,"3":4,"4":4,"5":2,"6":0,"7":0,"8":1,"9":1,"10":0,"11":4,"12":4,"13":1,"14":1,"15":1,"16":1,"17":1,"18":1,"19":0},"f":{"0":4,"1":2,"2":0,"3":0,"4":1,"5":1,"6":0,"7":1},"b":{"0":[1,0]},"_coverageSchema":"332fd63041d2c1bcb487cc26dd0d5f7d97098a6c","hash":"ec078c58ba5d0a1ddd3ad01c2cd7dbd4d5c468bf"}
,"/Users/juliemugira/projects/headlines-app/app/stores/SourcesStore.js": {"path":"/Users/juliemugira/projects/headlines-app/app/stores/SourcesStore.js","statementMap":{"0":{"start":{"line":5,"column":21},"end":{"line":5,"column":29}},"1":{"start":{"line":19,"column":4},"end":{"line":19,"column":12}},"2":{"start":{"line":20,"column":4},"end":{"line":20,"column":22}},"3":{"start":{"line":21,"column":4},"end":{"line":21,"column":28}},"4":{"start":{"line":22,"column":4},"end":{"line":22,"column":29}},"5":{"start":{"line":29,"column":4},"end":{"line":29,"column":24}},"6":{"start":{"line":36,"column":4},"end":{"line":36,"column":31}},"7":{"start":{"line":43,"column":4},"end":{"line":43,"column":28}},"8":{"start":{"line":54,"column":4},"end":{"line":54,"column":36}},"9":{"start":{"line":65,"column":4},"end":{"line":65,"column":48}},"10":{"start":{"line":69,"column":21},"end":{"line":69,"column":38}},"11":{"start":{"line":74,"column":0},"end":{"line":85,"column":3}},"12":{"start":{"line":75,"column":2},"end":{"line":83,"column":3}},"13":{"start":{"line":77,"column":6},"end":{"line":77,"column":48}},"14":{"start":{"line":78,"column":6},"end":{"line":78,"column":59}},"15":{"start":{"line":79,"column":6},"end":{"line":79,"column":32}},"16":{"start":{"line":80,"column":6},"end":{"line":80,"column":12}},"17":{"start":{"line":82,"column":6},"end":{"line":82,"column":12}},"18":{"start":{"line":84,"column":2},"end":{"line":84,"column":14}}},"fnMap":{"0":{"name":"(anonymous_0)","decl":{"start":{"line":18,"column":2},"end":{"line":18,"column":3}},"loc":{"start":{"line":18,"column":16},"end":{"line":23,"column":3}},"line":18},"1":{"name":"(anonymous_1)","decl":{"start":{"line":28,"column":2},"end":{"line":28,"column":3}},"loc":{"start":{"line":28,"column":11},"end":{"line":30,"column":3}},"line":28},"2":{"name":"(anonymous_2)","decl":{"start":{"line":35,"column":2},"end":{"line":35,"column":3}},"loc":{"start":{"line":35,"column":22},"end":{"line":37,"column":3}},"line":35},"3":{"name":"(anonymous_3)","decl":{"start":{"line":42,"column":2},"end":{"line":42,"column":3}},"loc":{"start":{"line":42,"column":15},"end":{"line":44,"column":3}},"line":42},"4":{"name":"(anonymous_4)","decl":{"start":{"line":53,"column":2},"end":{"line":53,"column":3}},"loc":{"start":{"line":53,"column":30},"end":{"line":55,"column":3}},"line":53},"5":{"name":"(anonymous_5)","decl":{"start":{"line":64,"column":2},"end":{"line":64,"column":3}},"loc":{"start":{"line":64,"column":33},"end":{"line":66,"column":3}},"line":64},"6":{"name":"(anonymous_6)","decl":{"start":{"line":74,"column":23},"end":{"line":74,"column":24}},"loc":{"start":{"line":74,"column":37},"end":{"line":85,"column":1}},"line":74}},"branchMap":{"0":{"loc":{"start":{"line":75,"column":2},"end":{"line":83,"column":3}},"type":"switch","locations":[{"start":{"line":76,"column":4},"end":{"line":80,"column":12}},{"start":{"line":81,"column":4},"end":{"line":82,"column":12}}],"line":75}},"s":{"0":3,"1":3,"2":3,"3":3,"4":3,"5":3,"6":0,"7":2,"8":1,"9":0,"10":3,"11":3,"12":2,"13":2,"14":2,"15":2,"16":2,"17":0,"18":2},"f":{"0":3,"1":3,"2":0,"3":2,"4":1,"5":0,"6":2},"b":{"0":[2,0]},"_coverageSchema":"332fd63041d2c1bcb487cc26dd0d5f7d97098a6c","hash":"4ec10d539aecf84f050410c974891e507c9fe214"}
,"/Users/juliemugira/projects/headlines-app/app/tests/testdata.jsx": {"path":"/Users/juliemugira/projects/headlines-app/app/tests/testdata.jsx","statementMap":{"0":{"start":{"line":1,"column":23},"end":{"line":31,"column":4}},"1":{"start":{"line":32,"column":20},"end":{"line":67,"column":3}},"2":{"start":{"line":68,"column":13},"end":{"line":68,"column":75}}},"fnMap":{},"branchMap":{},"s":{"0":2,"1":2,"2":2},"f":{},"b":{},"_coverageSchema":"332fd63041d2c1bcb487cc26dd0d5f7d97098a6c","hash":"be36866d9c0942c9a41afde058cd3cae26d5f8d4"}
,"/Users/juliemugira/projects/headlines-app/app/utils/api.js": {"path":"/Users/juliemugira/projects/headlines-app/app/utils/api.js","statementMap":{"0":{"start":{"line":3,"column":15},"end":{"line":3,"column":40}},"1":{"start":{"line":4,"column":15},"end":{"line":4,"column":49}},"2":{"start":{"line":16,"column":14},"end":{"line":16,"column":90}},"3":{"start":{"line":17,"column":2},"end":{"line":18,"column":30}},"4":{"start":{"line":17,"column":34},"end":{"line":17,"column":57}},"5":{"start":{"line":18,"column":18},"end":{"line":18,"column":28}},"6":{"start":{"line":31,"column":14},"end":{"line":31,"column":62}},"7":{"start":{"line":32,"column":2},"end":{"line":33,"column":30}},"8":{"start":{"line":32,"column":34},"end":{"line":32,"column":65}},"9":{"start":{"line":33,"column":18},"end":{"line":33,"column":28}}},"fnMap":{"0":{"name":"getNewsArticles","decl":{"start":{"line":15,"column":16},"end":{"line":15,"column":31}},"loc":{"start":{"line":15,"column":58},"end":{"line":19,"column":1}},"line":15},"1":{"name":"(anonymous_1)","decl":{"start":{"line":17,"column":22},"end":{"line":17,"column":23}},"loc":{"start":{"line":17,"column":34},"end":{"line":17,"column":57}},"line":17},"2":{"name":"(anonymous_2)","decl":{"start":{"line":18,"column":9},"end":{"line":18,"column":10}},"loc":{"start":{"line":18,"column":18},"end":{"line":18,"column":28}},"line":18},"3":{"name":"getNewsSources","decl":{"start":{"line":30,"column":16},"end":{"line":30,"column":30}},"loc":{"start":{"line":30,"column":51},"end":{"line":34,"column":1}},"line":30},"4":{"name":"(anonymous_4)","decl":{"start":{"line":32,"column":22},"end":{"line":32,"column":23}},"loc":{"start":{"line":32,"column":34},"end":{"line":32,"column":65}},"line":32},"5":{"name":"(anonymous_5)","decl":{"start":{"line":33,"column":9},"end":{"line":33,"column":10}},"loc":{"start":{"line":33,"column":18},"end":{"line":33,"column":28}},"line":33}},"branchMap":{"0":{"loc":{"start":{"line":16,"column":59},"end":{"line":16,"column":71}},"type":"binary-expr","locations":[{"start":{"line":16,"column":59},"end":{"line":16,"column":65}},{"start":{"line":16,"column":69},"end":{"line":16,"column":71}}],"line":16}},"s":{"0":4,"1":4,"2":0,"3":0,"4":0,"5":0,"6":1,"7":1,"8":0,"9":1},"f":{"0":0,"1":0,"2":0,"3":1,"4":0,"5":1},"b":{"0":[0,0]},"_coverageSchema":"332fd63041d2c1bcb487cc26dd0d5f7d97098a6c","hash":"12b583d0de2839fbb77200bb3a883a942bce870a"}
}
