{"/Users/juliemugira/projects/headlines-app/client/components/newsly/ArticlesPanel.js": {"path":"/Users/juliemugira/projects/headlines-app/client/components/newsly/ArticlesPanel.js","statementMap":{"0":{"start":{"line":7,"column":8},"end":{"line":7,"column":21}},"1":{"start":{"line":8,"column":8},"end":{"line":10,"column":9}},"2":{"start":{"line":14,"column":8},"end":{"line":18,"column":11}},"3":{"start":{"line":15,"column":12},"end":{"line":17,"column":15}},"4":{"start":{"line":21,"column":8},"end":{"line":24,"column":9}},"5":{"start":{"line":27,"column":8},"end":{"line":27,"column":41}},"6":{"start":{"line":28,"column":8},"end":{"line":46,"column":10}},"7":{"start":{"line":35,"column":36},"end":{"line":37,"column":42}}},"fnMap":{"0":{"name":"(anonymous_0)","decl":{"start":{"line":6,"column":4},"end":{"line":6,"column":5}},"loc":{"start":{"line":6,"column":23},"end":{"line":11,"column":5}},"line":6},"1":{"name":"(anonymous_1)","decl":{"start":{"line":13,"column":4},"end":{"line":13,"column":5}},"loc":{"start":{"line":13,"column":25},"end":{"line":19,"column":5}},"line":13},"2":{"name":"(anonymous_2)","decl":{"start":{"line":14,"column":34},"end":{"line":14,"column":35}},"loc":{"start":{"line":14,"column":44},"end":{"line":18,"column":9}},"line":14},"3":{"name":"(anonymous_3)","decl":{"start":{"line":20,"column":4},"end":{"line":20,"column":5}},"loc":{"start":{"line":20,"column":20},"end":{"line":25,"column":5}},"line":20},"4":{"name":"(anonymous_4)","decl":{"start":{"line":26,"column":4},"end":{"line":26,"column":5}},"loc":{"start":{"line":26,"column":13},"end":{"line":47,"column":5}},"line":26},"5":{"name":"(anonymous_5)","decl":{"start":{"line":34,"column":86},"end":{"line":34,"column":87}},"loc":{"start":{"line":35,"column":36},"end":{"line":37,"column":42}},"line":35}},"branchMap":{"0":{"loc":{"start":{"line":34,"column":33},"end":{"line":39,"column":70}},"type":"cond-expr","locations":[{"start":{"line":34,"column":62},"end":{"line":38,"column":34}},{"start":{"line":39,"column":36},"end":{"line":39,"column":70}}],"line":34}},"s":{"0":5,"1":5,"2":5,"3":0,"4":5,"5":7,"6":7,"7":4},"f":{"0":5,"1":5,"2":0,"3":5,"4":7,"5":4},"b":{"0":[2,5]},"_coverageSchema":"332fd63041d2c1bcb487cc26dd0d5f7d97098a6c","hash":"0868a6587e6027ae5fe5e0b4aeb5d78a387a9b84"}
,"/Users/juliemugira/projects/headlines-app/client/components/newsly/HeaderPanel.js": {"path":"/Users/juliemugira/projects/headlines-app/client/components/newsly/HeaderPanel.js","statementMap":{"0":{"start":{"line":4,"column":8},"end":{"line":8,"column":10}}},"fnMap":{"0":{"name":"(anonymous_0)","decl":{"start":{"line":3,"column":4},"end":{"line":3,"column":5}},"loc":{"start":{"line":3,"column":13},"end":{"line":9,"column":5}},"line":3}},"branchMap":{},"s":{"0":1},"f":{"0":1},"b":{},"_coverageSchema":"332fd63041d2c1bcb487cc26dd0d5f7d97098a6c","hash":"059a629a1a75635c781891d92ae5e64361b1a244"}
,"/Users/juliemugira/projects/headlines-app/client/components/newsly/LoginButton.js": {"path":"/Users/juliemugira/projects/headlines-app/client/components/newsly/LoginButton.js","statementMap":{"0":{"start":{"line":7,"column":8},"end":{"line":11,"column":10}}},"fnMap":{"0":{"name":"(anonymous_0)","decl":{"start":{"line":5,"column":4},"end":{"line":5,"column":5}},"loc":{"start":{"line":5,"column":13},"end":{"line":12,"column":5}},"line":5}},"branchMap":{},"s":{"0":2},"f":{"0":2},"b":{},"_coverageSchema":"332fd63041d2c1bcb487cc26dd0d5f7d97098a6c","hash":"cf19fafdeace825b9307f569f42ea1325871036b"}
,"/Users/juliemugira/projects/headlines-app/client/components/newsly/RssFeed.js": {"path":"/Users/juliemugira/projects/headlines-app/client/components/newsly/RssFeed.js","statementMap":{"0":{"start":{"line":11,"column":8},"end":{"line":29,"column":10}}},"fnMap":{"0":{"name":"(anonymous_0)","decl":{"start":{"line":10,"column":4},"end":{"line":10,"column":5}},"loc":{"start":{"line":10,"column":13},"end":{"line":30,"column":5}},"line":10}},"branchMap":{},"s":{"0":6},"f":{"0":6},"b":{},"_coverageSchema":"332fd63041d2c1bcb487cc26dd0d5f7d97098a6c","hash":"ea747de3a23dfab77c6104cc728fdf1b5b752d10"}
,"/Users/juliemugira/projects/headlines-app/client/components/newsly/SortPanel.js": {"path":"/Users/juliemugira/projects/headlines-app/client/components/newsly/SortPanel.js","statementMap":{"0":{"start":{"line":6,"column":8},"end":{"line":14,"column":10}}},"fnMap":{"0":{"name":"(anonymous_0)","decl":{"start":{"line":5,"column":4},"end":{"line":5,"column":5}},"loc":{"start":{"line":5,"column":13},"end":{"line":15,"column":5}},"line":5}},"branchMap":{},"s":{"0":2},"f":{"0":2},"b":{},"_coverageSchema":"332fd63041d2c1bcb487cc26dd0d5f7d97098a6c","hash":"f4d408b9307f6bd50c092ec07c8367c655524fbc"}
,"/Users/juliemugira/projects/headlines-app/client/components/newsly/SourcesPanel.js": {"path":"/Users/juliemugira/projects/headlines-app/client/components/newsly/SourcesPanel.js","statementMap":{"0":{"start":{"line":7,"column":8},"end":{"line":7,"column":21}},"1":{"start":{"line":8,"column":8},"end":{"line":10,"column":9}},"2":{"start":{"line":14,"column":8},"end":{"line":18,"column":11}},"3":{"start":{"line":15,"column":12},"end":{"line":17,"column":15}},"4":{"start":{"line":21,"column":8},"end":{"line":24,"column":9}},"5":{"start":{"line":27,"column":8},"end":{"line":27,"column":41}},"6":{"start":{"line":28,"column":8},"end":{"line":46,"column":10}},"7":{"start":{"line":35,"column":36},"end":{"line":37,"column":42}}},"fnMap":{"0":{"name":"(anonymous_0)","decl":{"start":{"line":6,"column":4},"end":{"line":6,"column":5}},"loc":{"start":{"line":6,"column":23},"end":{"line":11,"column":5}},"line":6},"1":{"name":"(anonymous_1)","decl":{"start":{"line":13,"column":4},"end":{"line":13,"column":5}},"loc":{"start":{"line":13,"column":25},"end":{"line":19,"column":5}},"line":13},"2":{"name":"(anonymous_2)","decl":{"start":{"line":14,"column":33},"end":{"line":14,"column":34}},"loc":{"start":{"line":14,"column":43},"end":{"line":18,"column":9}},"line":14},"3":{"name":"(anonymous_3)","decl":{"start":{"line":20,"column":4},"end":{"line":20,"column":5}},"loc":{"start":{"line":20,"column":19},"end":{"line":25,"column":5}},"line":20},"4":{"name":"(anonymous_4)","decl":{"start":{"line":26,"column":4},"end":{"line":26,"column":5}},"loc":{"start":{"line":26,"column":13},"end":{"line":47,"column":5}},"line":26},"5":{"name":"(anonymous_5)","decl":{"start":{"line":34,"column":84},"end":{"line":34,"column":85}},"loc":{"start":{"line":35,"column":36},"end":{"line":37,"column":42}},"line":35}},"branchMap":{"0":{"loc":{"start":{"line":34,"column":33},"end":{"line":39,"column":70}},"type":"cond-expr","locations":[{"start":{"line":34,"column":61},"end":{"line":38,"column":34}},{"start":{"line":39,"column":36},"end":{"line":39,"column":70}}],"line":34}},"s":{"0":5,"1":5,"2":5,"3":0,"4":5,"5":7,"6":7,"7":4},"f":{"0":5,"1":5,"2":0,"3":5,"4":7,"5":4},"b":{"0":[2,5]},"_coverageSchema":"332fd63041d2c1bcb487cc26dd0d5f7d97098a6c","hash":"fe8ecb2b0ab2cbde66547d1a8c79095bf4244919"}
}
