TN:
SF:/Users/juliemugira/projects/headlines-app/client/components/newsly/ArticlesPanel.js
FN:6,(anonymous_0)
FN:13,(anonymous_1)
FN:14,(anonymous_2)
FN:20,(anonymous_3)
FN:26,(anonymous_4)
FN:34,(anonymous_5)
FNF:6
FNH:5
FNDA:5,(anonymous_0)
FNDA:5,(anonymous_1)
FNDA:0,(anonymous_2)
FNDA:5,(anonymous_3)
FNDA:7,(anonymous_4)
FNDA:4,(anonymous_5)
DA:7,5
DA:8,5
DA:14,5
DA:15,0
DA:21,5
DA:27,7
DA:28,7
DA:35,4
LF:8
LH:7
BRDA:34,0,0,2
BRDA:34,0,1,5
BRF:2
BRH:2
end_of_record
TN:
SF:/Users/juliemugira/projects/headlines-app/client/components/newsly/HeaderPanel.js
FN:3,(anonymous_0)
FNF:1
FNH:1
FNDA:1,(anonymous_0)
DA:4,1
LF:1
LH:1
BRF:0
BRH:0
end_of_record
TN:
SF:/Users/juliemugira/projects/headlines-app/client/components/newsly/LoginButton.js
FN:5,(anonymous_0)
FNF:1
FNH:1
FNDA:2,(anonymous_0)
DA:7,2
LF:1
LH:1
BRF:0
BRH:0
end_of_record
TN:
SF:/Users/juliemugira/projects/headlines-app/client/components/newsly/RssFeed.js
FN:10,(anonymous_0)
FNF:1
FNH:1
FNDA:6,(anonymous_0)
DA:11,6
LF:1
LH:1
BRF:0
BRH:0
end_of_record
TN:
SF:/Users/juliemugira/projects/headlines-app/client/components/newsly/SortPanel.js
FN:5,(anonymous_0)
FNF:1
FNH:1
FNDA:2,(anonymous_0)
DA:6,2
LF:1
LH:1
BRF:0
BRH:0
end_of_record
TN:
SF:/Users/juliemugira/projects/headlines-app/client/components/newsly/SourcesPanel.js
FN:6,(anonymous_0)
FN:13,(anonymous_1)
FN:14,(anonymous_2)
FN:20,(anonymous_3)
FN:26,(anonymous_4)
FN:34,(anonymous_5)
FNF:6
FNH:5
FNDA:5,(anonymous_0)
FNDA:5,(anonymous_1)
FNDA:0,(anonymous_2)
FNDA:5,(anonymous_3)
FNDA:7,(anonymous_4)
FNDA:4,(anonymous_5)
DA:7,5
DA:8,5
DA:14,5
DA:15,0
DA:21,5
DA:27,7
DA:28,7
DA:35,4
LF:8
LH:7
BRDA:34,0,0,2
BRDA:34,0,1,5
BRF:2
BRH:2
end_of_record
