TN:
SF:/Users/juliemugira/projects/headlines-app/app/actions/AppActions.js
FN:5,getNewsSources
FN:6,(anonymous_1)
FN:14,getNewsArticles
FN:15,(anonymous_3)
FNF:4
FNH:0
FNDA:0,getNewsSources
FNDA:0,(anonymous_1)
FNDA:0,getNewsArticles
FNDA:0,(anonymous_3)
DA:6,0
DA:7,0
DA:15,0
DA:16,0
LF:4
LH:0
BRF:0
BRH:0
end_of_record
TN:
SF:/Users/juliemugira/projects/headlines-app/app/components/Articles.jsx
FN:9,(anonymous_0)
FNF:1
FNH:0
FNDA:0,(anonymous_0)
DA:9,1
DA:10,0
DA:38,1
LF:3
LH:2
BRF:0
BRH:0
end_of_record
TN:
SF:/Users/juliemugira/projects/headlines-app/app/components/ArticlesList.jsx
FN:16,(anonymous_0)
FNF:1
FNH:0
FNDA:0,(anonymous_0)
DA:10,1
DA:16,1
DA:17,0
DA:42,1
LF:4
LH:3
BRF:0
BRH:0
end_of_record
TN:
SF:/Users/juliemugira/projects/headlines-app/app/components/ArticlesPanel.jsx
FN:19,(anonymous_0)
FN:40,(anonymous_1)
FN:48,(anonymous_2)
FN:58,(anonymous_3)
FN:72,(anonymous_4)
FN:83,(anonymous_5)
FN:92,(anonymous_6)
FN:94,(anonymous_7)
FN:104,(anonymous_8)
FN:105,(anonymous_9)
FNF:10
FNH:0
FNDA:0,(anonymous_0)
FNDA:0,(anonymous_1)
FNDA:0,(anonymous_2)
FNDA:0,(anonymous_3)
FNDA:0,(anonymous_4)
FNDA:0,(anonymous_5)
FNDA:0,(anonymous_6)
FNDA:0,(anonymous_7)
FNDA:0,(anonymous_8)
FNDA:0,(anonymous_9)
DA:20,0
DA:21,0
DA:28,0
DA:29,0
DA:30,0
DA:31,0
DA:32,0
DA:33,0
DA:41,0
DA:49,0
DA:50,0
DA:51,0
DA:59,0
DA:60,0
DA:73,0
DA:74,0
DA:75,0
DA:76,0
DA:84,0
DA:93,0
DA:94,0
DA:105,0
DA:106,0
DA:109,0
DA:110,0
DA:111,0
DA:115,0
DA:116,0
DA:120,0
DA:135,1
LF:30
LH:1
BRDA:110,0,0,0
BRDA:110,0,1,0
BRDA:115,1,0,0
BRDA:115,1,1,0
BRF:4
BRH:0
end_of_record
TN:
SF:/Users/juliemugira/projects/headlines-app/app/components/DefaultPage.jsx
FN:12,(anonymous_0)
FN:13,(anonymous_1)
FNF:2
FNH:0
FNDA:0,(anonymous_0)
FNDA:0,(anonymous_1)
DA:12,1
DA:13,0
DA:14,0
DA:17,0
DA:29,1
LF:5
LH:2
BRF:0
BRH:0
end_of_record
TN:
SF:/Users/juliemugira/projects/headlines-app/app/components/Footer.jsx
FN:8,Footer
FNF:1
FNH:1
FNDA:1,Footer
DA:9,1
LF:1
LH:1
BRF:0
BRH:0
end_of_record
TN:
SF:/Users/juliemugira/projects/headlines-app/app/components/Header.jsx
FN:7,Header
FNF:1
FNH:1
FNDA:1,Header
DA:8,1
LF:1
LH:1
BRF:0
BRH:0
end_of_record
TN:
SF:/Users/juliemugira/projects/headlines-app/app/components/Home.jsx
FN:16,(anonymous_0)
FN:36,(anonymous_1)
FN:44,(anonymous_2)
FN:53,(anonymous_3)
FN:66,(anonymous_4)
FN:76,(anonymous_5)
FN:86,(anonymous_6)
FN:98,(anonymous_7)
FN:108,(anonymous_8)
FNF:9
FNH:0
FNDA:0,(anonymous_0)
FNDA:0,(anonymous_1)
FNDA:0,(anonymous_2)
FNDA:0,(anonymous_3)
FNDA:0,(anonymous_4)
FNDA:0,(anonymous_5)
FNDA:0,(anonymous_6)
FNDA:0,(anonymous_7)
FNDA:0,(anonymous_8)
DA:17,0
DA:18,0
DA:24,0
DA:25,0
DA:26,0
DA:27,0
DA:28,0
DA:37,0
DA:45,0
DA:46,0
DA:55,0
DA:67,0
DA:77,0
DA:87,0
DA:88,0
DA:99,0
DA:109,0
LF:17
LH:0
BRDA:56,0,0,0
BRDA:56,0,1,0
BRF:2
BRH:0
end_of_record
TN:
SF:/Users/juliemugira/projects/headlines-app/app/components/Loading.jsx
FN:8,(anonymous_0)
FNF:1
FNH:0
FNDA:0,(anonymous_0)
DA:8,1
DA:9,0
LF:2
LH:1
BRF:0
BRH:0
end_of_record
TN:
SF:/Users/juliemugira/projects/headlines-app/app/components/Main.jsx
FN:16,(anonymous_0)
FNF:1
FNH:1
FNDA:1,(anonymous_0)
DA:17,1
LF:1
LH:1
BRF:0
BRH:0
end_of_record
TN:
SF:/Users/juliemugira/projects/headlines-app/app/components/Share.jsx
FN:33,(anonymous_0)
FNF:1
FNH:0
FNDA:0,(anonymous_0)
DA:13,1
DA:18,1
DA:19,1
DA:20,1
DA:21,1
DA:34,0
DA:35,0
DA:37,0
DA:67,1
LF:9
LH:6
BRF:0
BRH:0
end_of_record
TN:
SF:/Users/juliemugira/projects/headlines-app/app/components/Sources.jsx
FN:8,(anonymous_0)
FNF:1
FNH:0
FNDA:0,(anonymous_0)
DA:8,1
DA:9,0
DA:10,0
DA:11,0
DA:12,0
DA:13,0
DA:14,0
DA:15,0
DA:17,0
DA:37,1
LF:10
LH:2
BRDA:12,0,0,0
BRDA:12,0,1,0
BRF:2
BRH:0
end_of_record
TN:
SF:/Users/juliemugira/projects/headlines-app/app/components/SourcesPanel.jsx
FN:15,(anonymous_0)
FN:31,(anonymous_1)
FN:49,(anonymous_2)
FN:51,(anonymous_3)
FN:62,(anonymous_4)
FNF:5
FNH:0
FNDA:0,(anonymous_0)
FNDA:0,(anonymous_1)
FNDA:0,(anonymous_2)
FNDA:0,(anonymous_3)
FNDA:0,(anonymous_4)
DA:16,0
DA:17,0
DA:21,0
DA:22,0
DA:32,0
DA:33,0
DA:34,0
DA:41,0
DA:50,0
DA:51,0
DA:63,0
DA:100,1
LF:12
LH:1
BRF:0
BRH:0
end_of_record
TN:
SF:/Users/juliemugira/projects/headlines-app/app/constants/ActionTypes.jsx
FNF:0
FNH:0
DA:6,1
LF:1
LH:1
BRF:0
BRH:0
end_of_record
TN:
SF:/Users/juliemugira/projects/headlines-app/app/dispatchers/AppDispatcher.js
FNF:0
FNH:0
DA:4,1
LF:1
LH:1
BRF:0
BRH:0
end_of_record
TN:
SF:/Users/juliemugira/projects/headlines-app/app/stores/ArticlesStore.js
FN:16,(anonymous_0)
FN:29,(anonymous_1)
FN:35,(anonymous_2)
FN:41,(anonymous_3)
FN:47,(anonymous_4)
FN:55,(anonymous_5)
FN:63,(anonymous_6)
FN:73,(anonymous_7)
FNF:8
FNH:1
FNDA:1,(anonymous_0)
FNDA:0,(anonymous_1)
FNDA:0,(anonymous_2)
FNDA:0,(anonymous_3)
FNDA:0,(anonymous_4)
FNDA:0,(anonymous_5)
FNDA:0,(anonymous_6)
FNDA:0,(anonymous_7)
DA:5,1
DA:17,1
DA:21,1
DA:22,1
DA:23,1
DA:30,0
DA:36,0
DA:42,0
DA:48,0
DA:56,0
DA:64,0
DA:68,1
DA:73,1
DA:74,0
DA:76,0
DA:77,0
DA:78,0
DA:79,0
DA:80,0
DA:82,0
LF:20
LH:7
BRDA:74,0,0,0
BRDA:74,0,1,0
BRF:2
BRH:0
end_of_record
TN:
SF:/Users/juliemugira/projects/headlines-app/app/stores/SourcesStore.js
FN:16,(anonymous_0)
FN:25,(anonymous_1)
FN:32,(anonymous_2)
FN:40,(anonymous_3)
FN:48,(anonymous_4)
FN:58,(anonymous_5)
FNF:6
FNH:1
FNDA:1,(anonymous_0)
FNDA:0,(anonymous_1)
FNDA:0,(anonymous_2)
FNDA:0,(anonymous_3)
FNDA:0,(anonymous_4)
FNDA:0,(anonymous_5)
DA:5,1
DA:17,1
DA:18,1
DA:19,1
DA:26,0
DA:33,0
DA:41,0
DA:49,0
DA:53,1
DA:58,1
DA:59,0
DA:61,0
DA:62,0
DA:63,0
DA:64,0
DA:66,0
DA:68,0
LF:17
LH:6
BRDA:59,0,0,0
BRDA:59,0,1,0
BRF:2
BRH:0
end_of_record
TN:
SF:/Users/juliemugira/projects/headlines-app/app/utils/api.js
FN:13,getNewsArticles
FN:15,(anonymous_1)
FN:16,(anonymous_2)
FN:25,getNewsSources
FN:27,(anonymous_4)
FN:28,(anonymous_5)
FNF:6
FNH:0
FNDA:0,getNewsArticles
FNDA:0,(anonymous_1)
FNDA:0,(anonymous_2)
FNDA:0,getNewsSources
FNDA:0,(anonymous_4)
FNDA:0,(anonymous_5)
DA:3,1
DA:4,1
DA:14,0
DA:15,0
DA:16,0
DA:26,0
DA:27,0
DA:28,0
LF:8
LH:2
BRDA:14,0,0,0
BRDA:14,0,1,0
BRF:2
BRH:0
end_of_record
